debug.srp created srp.log for error report...
runtime exception handler called
exception is: [31;49mglobal variable is unbound - drum_phrase_60[39;49m
frame variables: {}
frame pc: -1
frame method: <callin_method>
frame class: nil

Debugger invoked.
-----------------------------------------------------
Method [32;49m<callin_method>[39;49m in class [34;49mnil[39;49m
-----------------------------------------------------
Method [32;49m<immediate command 0>[39;49m in class [34;49mnil[39;49m, char 810 in file 
    /Users/huanzhang/serpent/p5/drum_player/drum_playerdemo.srp
  22:               , [drum_phrase_60]]
                       ^
-----------------------------------------------------
Method [32;49m<callin_method>[39;49m in class [34;49mnil[39;49m
[31;49mglobal variable is unbound - drum_phrase_60[39;49m
1> ? - stack trace
<id> - print variable value
* - print all variables
+ - up one level (to caller)
- - down one level (to callee)
=<expr> - evaluate expression
! - exit
> - resume execution
1> ? - stack trace
<id> - print variable value
* - print all variables
+ - up one level (to caller)
- - down one level (to callee)
=<expr> - evaluate expression
! - exit
> - resume execution
